<?xml version="1.0" encoding="UTF-8"?>
<testsuite name="org.komissarov.ScheduleTest" tests="1" skipped="0" failures="0" errors="0" timestamp="2023-04-08T14:55:47" hostname="DESKTOP-N7H8CDT" time="0.016">
  <properties/>
  <testcase name="TestUpdateMedicineName()" classname="org.komissarov.ScheduleTest" time="0.016"/>
  <system-out><![CDATA[Connected
]]></system-out>
  <system-err><![CDATA[]]></system-err>
</testsuite>
